<?xml version="1.0" encoding="UTF-8"?>
<!-- Generated by org.testng.reporters.JUnitReportReporter -->
<testsuite hostname="DESKTOP-OO6K2I5" failures="0" tests="1" name="org.ictakwebsite.test.TestPartnershipDownload" time="16.053" errors="0" timestamp="2024-01-08T12:23:02 IST" skipped="0">
  <testcase classname="org.ictakwebsite.test.TestPartnershipDownload" name="downloadTest" time="16.053"/>
</testsuite> <!-- org.ictakwebsite.test.TestPartnershipDownload -->
