<?xml version="1.0" encoding="UTF-8"?>
<!-- Generated by org.testng.reporters.JUnitReportReporter -->
<testsuite hostname="DESKTOP-OO6K2I5" failures="0" tests="4" name="org.ictakwebsite.test.TestSuperAdmin" time="28.062" errors="0" timestamp="2024-01-08T12:23:02 IST" skipped="0">
  <testcase classname="org.ictakwebsite.test.TestSuperAdmin" name="getheaders" time="0.984"/>
  <testcase classname="org.ictakwebsite.test.TestSuperAdmin" name="setDetails" time="0.888"/>
  <testcase classname="org.ictakwebsite.test.TestSuperAdmin" name="setDetailspositive" time="9.462"/>
  <testcase classname="org.ictakwebsite.test.TestSuperAdmin" name="setDetailswrongpass" time="16.728"/>
</testsuite> <!-- org.ictakwebsite.test.TestSuperAdmin -->
