<?xml version="1.0" encoding="UTF-8"?>
<!-- Generated by org.testng.reporters.JUnitReportReporter -->
<testsuite hostname="DESKTOP-OO6K2I5" failures="0" tests="1" name="org.ictakwebsite.test.TestCourseRegistrationDownload" time="33.681" errors="0" timestamp="2024-01-08T12:23:02 IST" skipped="0">
  <testcase classname="org.ictakwebsite.test.TestCourseRegistrationDownload" name="downloadTest" time="33.681"/>
</testsuite> <!-- org.ictakwebsite.test.TestCourseRegistrationDownload -->
