<?xml version="1.0" encoding="UTF-8"?>
<!-- Generated by org.testng.reporters.JUnitReportReporter -->
<testsuite hostname="DESKTOP-OO6K2I5" failures="0" tests="4" name="org.ictakwebsite.test.TestPage" time="9.421" errors="0" timestamp="2024-01-08T12:23:02 IST" skipped="0">
  <testcase classname="org.ictakwebsite.test.TestPage" name="aboutUs" time="1.913"/>
  <testcase classname="org.ictakwebsite.test.TestPage" name="setHome" time="6.210"/>
  <testcase classname="org.ictakwebsite.test.TestPage" name="courses" time="0.304"/>
  <testcase classname="org.ictakwebsite.test.TestPage" name="contactUs" time="0.994"/>
</testsuite> <!-- org.ictakwebsite.test.TestPage -->
